# Logfile created on 2014-02-17 11:32:05 -0300 by logger.rb/44203
I, [2014-02-17T11:32:05.243343 #18126]  INFO -- : 0:  rake (10.1.1) from /Users/fidel/.rvm/gems/ruby-2.1.0/specifications/rake-10.1.1.gemspec
I, [2014-02-17T11:32:05.243738 #18126]  INFO -- : 0:  i18n (0.6.9) from /Users/fidel/.rvm/gems/ruby-2.1.0@global/specifications/i18n-0.6.9.gemspec
I, [2014-02-17T11:32:05.244105 #18126]  INFO -- : 0:  minitest (4.7.5) from /Users/fidel/.rvm/rubies/ruby-2.1.0/lib/ruby/gems/2.1.0/specifications/default/minitest-4.7.5.gemspec
I, [2014-02-17T11:32:05.244505 #18126]  INFO -- : 0:  multi_json (1.8.2) from /Users/fidel/.rvm/gems/ruby-2.1.0/specifications/multi_json-1.8.2.gemspec
I, [2014-02-17T11:32:05.244864 #18126]  INFO -- : 0:  atomic (1.1.14) from /Users/fidel/.rvm/gems/ruby-2.1.0@global/specifications/atomic-1.1.14.gemspec
I, [2014-02-17T11:32:05.245201 #18126]  INFO -- : 0:  thread_safe (0.1.3) from /Users/fidel/.rvm/gems/ruby-2.1.0@global/specifications/thread_safe-0.1.3.gemspec
I, [2014-02-17T11:32:05.245523 #18126]  INFO -- : 0:  tzinfo (0.3.38) from /Users/fidel/.rvm/gems/ruby-2.1.0@global/specifications/tzinfo-0.3.38.gemspec
I, [2014-02-17T11:32:05.245836 #18126]  INFO -- : 0:  activesupport (4.0.2) from /Users/fidel/.rvm/gems/ruby-2.1.0@global/specifications/activesupport-4.0.2.gemspec
I, [2014-02-17T11:32:05.246154 #18126]  INFO -- : 0:  builder (3.1.4) from /Users/fidel/.rvm/gems/ruby-2.1.0@global/specifications/builder-3.1.4.gemspec
I, [2014-02-17T11:32:05.246475 #18126]  INFO -- : 0:  erubis (2.7.0) from /Users/fidel/.rvm/gems/ruby-2.1.0@global/specifications/erubis-2.7.0.gemspec
I, [2014-02-17T11:32:05.246790 #18126]  INFO -- : 0:  rack (1.5.2) from /Users/fidel/.rvm/gems/ruby-2.1.0@global/specifications/rack-1.5.2.gemspec
I, [2014-02-17T11:32:05.247108 #18126]  INFO -- : 0:  rack-test (0.6.2) from /Users/fidel/.rvm/gems/ruby-2.1.0@global/specifications/rack-test-0.6.2.gemspec
I, [2014-02-17T11:32:05.247479 #18126]  INFO -- : 0:  actionpack (4.0.2) from /Users/fidel/.rvm/gems/ruby-2.1.0@global/specifications/actionpack-4.0.2.gemspec
I, [2014-02-17T11:32:05.247785 #18126]  INFO -- : 0:  mime-types (1.25.1) from /Users/fidel/.rvm/gems/ruby-2.1.0@global/specifications/mime-types-1.25.1.gemspec
I, [2014-02-17T11:32:05.248104 #18126]  INFO -- : 0:  polyglot (0.3.3) from /Users/fidel/.rvm/gems/ruby-2.1.0@global/specifications/polyglot-0.3.3.gemspec
I, [2014-02-17T11:32:05.248425 #18126]  INFO -- : 0:  treetop (1.4.15) from /Users/fidel/.rvm/gems/ruby-2.1.0@global/specifications/treetop-1.4.15.gemspec
I, [2014-02-17T11:32:05.248745 #18126]  INFO -- : 0:  mail (2.5.4) from /Users/fidel/.rvm/gems/ruby-2.1.0@global/specifications/mail-2.5.4.gemspec
I, [2014-02-17T11:32:05.249155 #18126]  INFO -- : 0:  actionmailer (4.0.2) from /Users/fidel/.rvm/gems/ruby-2.1.0@global/specifications/actionmailer-4.0.2.gemspec
I, [2014-02-17T11:32:05.249519 #18126]  INFO -- : 0:  activemodel (4.0.2) from /Users/fidel/.rvm/gems/ruby-2.1.0@global/specifications/activemodel-4.0.2.gemspec
I, [2014-02-17T11:32:05.249886 #18126]  INFO -- : 0:  activerecord-deprecated_finders (1.0.3) from /Users/fidel/.rvm/gems/ruby-2.1.0@global/specifications/activerecord-deprecated_finders-1.0.3.gemspec
I, [2014-02-17T11:32:05.250230 #18126]  INFO -- : 0:  arel (4.0.1) from /Users/fidel/.rvm/gems/ruby-2.1.0/specifications/arel-4.0.1.gemspec
I, [2014-02-17T11:32:05.250520 #18126]  INFO -- : 0:  activerecord (4.0.2) from /Users/fidel/.rvm/gems/ruby-2.1.0@global/specifications/activerecord-4.0.2.gemspec
I, [2014-02-17T11:32:05.250844 #18126]  INFO -- : 0:  thor (0.18.1) from /Users/fidel/.rvm/gems/ruby-2.1.0@global/specifications/thor-0.18.1.gemspec
I, [2014-02-17T11:32:05.251184 #18126]  INFO -- : 0:  railties (4.0.2) from /Users/fidel/.rvm/gems/ruby-2.1.0@global/specifications/railties-4.0.2.gemspec
I, [2014-02-17T11:32:14.048072 #18126]  INFO -- : 0:  sass (3.2.14) from /Users/fidel/.rvm/gems/ruby-2.1.0/specifications/sass-3.2.14.gemspec
I, [2014-02-17T11:32:14.154302 #18126]  INFO -- : 0:  anjlab-bootstrap-rails (3.0.3.0) from /Users/fidel/.rvm/gems/ruby-2.1.0/bundler/gems/bootstrap-rails-3250d5494a8f/bootstrap-rails.gemspec
I, [2014-02-17T11:32:14.154737 #18126]  INFO -- : 0:  bcrypt-ruby (3.1.2) from /Users/fidel/.rvm/gems/ruby-2.1.0/specifications/bcrypt-ruby-3.1.2.gemspec
I, [2014-02-17T11:32:14.155037 #18126]  INFO -- : 0:  highline (1.6.20) from /Users/fidel/.rvm/gems/ruby-2.1.0/specifications/highline-1.6.20.gemspec
I, [2014-02-17T11:32:17.396432 #18126]  INFO -- : 0:  net-ssh (2.8.0) from /Users/fidel/.rvm/gems/ruby-2.1.0/specifications/net-ssh-2.8.0.gemspec
I, [2014-02-17T11:32:17.396789 #18126]  INFO -- : 0:  net-scp (1.1.2) from /Users/fidel/.rvm/gems/ruby-2.1.0/specifications/net-scp-1.1.2.gemspec
I, [2014-02-17T11:32:17.397071 #18126]  INFO -- : 0:  net-sftp (2.1.2) from /Users/fidel/.rvm/gems/ruby-2.1.0/specifications/net-sftp-2.1.2.gemspec
I, [2014-02-17T11:32:17.397569 #18126]  INFO -- : 0:  net-ssh-gateway (1.2.0) from /Users/fidel/.rvm/gems/ruby-2.1.0/specifications/net-ssh-gateway-1.2.0.gemspec
I, [2014-02-17T11:32:17.398010 #18126]  INFO -- : 0:  capistrano (2.15.5) from /Users/fidel/.rvm/gems/ruby-2.1.0/specifications/capistrano-2.15.5.gemspec
I, [2014-02-17T11:32:17.398273 #18126]  INFO -- : 0:  capistrano-platform-resources (0.1.3) from /Users/fidel/.rvm/gems/ruby-2.1.0/specifications/capistrano-platform-resources-0.1.3.gemspec
I, [2014-02-17T11:32:17.398529 #18126]  INFO -- : 0:  capistrano-rbenv (1.0.5) from /Users/fidel/.rvm/gems/ruby-2.1.0/specifications/capistrano-rbenv-1.0.5.gemspec
I, [2014-02-17T11:32:17.398786 #18126]  INFO -- : 0:  capistrano-unicorn (0.2.0) from /Users/fidel/.rvm/gems/ruby-2.1.0/specifications/capistrano-unicorn-0.2.0.gemspec
I, [2014-02-17T11:32:19.609458 #18126]  INFO -- : 0:  coffee-script-source (1.7.0) from /Users/fidel/.rvm/gems/ruby-2.1.0/specifications/coffee-script-source-1.7.0.gemspec
I, [2014-02-17T11:32:19.609928 #18126]  INFO -- : 0:  execjs (2.0.2) from /Users/fidel/.rvm/gems/ruby-2.1.0/specifications/execjs-2.0.2.gemspec
I, [2014-02-17T11:32:19.610286 #18126]  INFO -- : 0:  coffee-script (2.2.0) from /Users/fidel/.rvm/gems/ruby-2.1.0/specifications/coffee-script-2.2.0.gemspec
I, [2014-02-17T11:32:19.610612 #18126]  INFO -- : 0:  coffee-rails (4.0.1) from /Users/fidel/.rvm/gems/ruby-2.1.0/specifications/coffee-rails-4.0.1.gemspec
I, [2014-02-17T11:32:19.610919 #18126]  INFO -- : 0:  orm_adapter (0.5.0) from /Users/fidel/.rvm/gems/ruby-2.1.0/specifications/orm_adapter-0.5.0.gemspec
I, [2014-02-17T11:32:19.611224 #18126]  INFO -- : 0:  warden (1.2.3) from /Users/fidel/.rvm/gems/ruby-2.1.0/specifications/warden-1.2.3.gemspec
I, [2014-02-17T11:32:22.562193 #18126]  INFO -- : 0:  devise (3.0.3) from /Users/fidel/.rvm/gems/ruby-2.1.0/specifications/devise-3.0.3.gemspec
I, [2014-02-17T11:32:22.562594 #18126]  INFO -- : 0:  dotenv (0.9.0) from /Users/fidel/.rvm/gems/ruby-2.1.0/specifications/dotenv-0.9.0.gemspec
I, [2014-02-17T11:32:22.562860 #18126]  INFO -- : 0:  foreman (0.63.0) from /Users/fidel/.rvm/gems/ruby-2.1.0/specifications/foreman-0.63.0.gemspec
I, [2014-02-17T11:32:22.563134 #18126]  INFO -- : 0:  hike (1.2.3) from /Users/fidel/.rvm/gems/ruby-2.1.0@global/specifications/hike-1.2.3.gemspec
I, [2014-02-17T11:32:24.474801 #18126]  INFO -- : 0:  jbuilder (1.5.3) from /Users/fidel/.rvm/gems/ruby-2.1.0/specifications/jbuilder-1.5.3.gemspec
I, [2014-02-17T11:32:27.269760 #18126]  INFO -- : 0:  jquery-rails (3.1.0) from /Users/fidel/.rvm/gems/ruby-2.1.0/specifications/jquery-rails-3.1.0.gemspec
I, [2014-02-17T11:32:27.270222 #18126]  INFO -- : 0:  json (1.8.1) from /Users/fidel/.rvm/rubies/ruby-2.1.0/lib/ruby/gems/2.1.0/specifications/default/json-1.8.1.gemspec
I, [2014-02-17T11:32:34.920855 #18126]  INFO -- : 0:  kgio (2.9.2) from /Users/fidel/.rvm/gems/ruby-2.1.0/specifications/kgio-2.9.2.gemspec
I, [2014-02-17T11:32:34.921357 #18126]  INFO -- : 0:  libv8 (3.16.14.3) from /Users/fidel/.rvm/gems/ruby-2.1.0/specifications/libv8-3.16.14.3-x86_64-darwin-12.gemspec
I, [2014-02-17T11:32:36.733972 #18126]  INFO -- : 0:  mustache-js-rails (0.0.6) from /Users/fidel/.rvm/gems/ruby-2.1.0/specifications/mustache-js-rails-0.0.6.gemspec
I, [2014-02-17T11:32:38.879434 #18126]  INFO -- : 0:  protected_attributes (1.0.5) from /Users/fidel/.rvm/gems/ruby-2.1.0/specifications/protected_attributes-1.0.5.gemspec
I, [2014-02-17T11:32:38.879892 #18126]  INFO -- : 0:  bundler (1.5.1) from /Users/fidel/.rvm/gems/ruby-2.1.0@global/specifications/bundler-1.5.1.gemspec
I, [2014-02-17T11:32:38.880244 #18126]  INFO -- : 0:  tilt (1.4.1) from /Users/fidel/.rvm/gems/ruby-2.1.0@global/specifications/tilt-1.4.1.gemspec
I, [2014-02-17T11:32:38.880598 #18126]  INFO -- : 0:  sprockets (2.10.1) from /Users/fidel/.rvm/gems/ruby-2.1.0@global/specifications/sprockets-2.10.1.gemspec
I, [2014-02-17T11:32:38.881027 #18126]  INFO -- : 0:  sprockets-rails (2.0.1) from /Users/fidel/.rvm/gems/ruby-2.1.0@global/specifications/sprockets-rails-2.0.1.gemspec
I, [2014-02-17T11:32:38.881506 #18126]  INFO -- : 0:  rails (4.0.2) from /Users/fidel/.rvm/gems/ruby-2.1.0@global/specifications/rails-4.0.2.gemspec
I, [2014-02-17T11:32:41.629826 #18126]  INFO -- : 0:  rails-i18n (4.0.1) from /Users/fidel/.rvm/gems/ruby-2.1.0/specifications/rails-i18n-4.0.1.gemspec
I, [2014-02-17T11:32:41.630242 #18126]  INFO -- : 0:  raindrops (0.12.0) from /Users/fidel/.rvm/gems/ruby-2.1.0/specifications/raindrops-0.12.0.gemspec
I, [2014-02-17T11:32:47.623436 #18126]  INFO -- : 0:  rdoc (4.1.1) from /Users/fidel/.rvm/gems/ruby-2.1.0/specifications/rdoc-4.1.1.gemspec
I, [2014-02-17T11:32:47.623802 #18126]  INFO -- : 0:  ref (1.0.5) from /Users/fidel/.rvm/gems/ruby-2.1.0/specifications/ref-1.0.5.gemspec
I, [2014-02-17T11:32:47.624065 #18126]  INFO -- : 0:  sass-rails (4.0.1) from /Users/fidel/.rvm/gems/ruby-2.1.0/specifications/sass-rails-4.0.1.gemspec
I, [2014-02-17T11:32:51.584468 #18126]  INFO -- : 0:  sdoc (0.4.0) from /Users/fidel/.rvm/gems/ruby-2.1.0/specifications/sdoc-0.4.0.gemspec
I, [2014-02-17T11:32:56.412546 #18126]  INFO -- : 0:  sqlite3 (1.3.8) from /Users/fidel/.rvm/gems/ruby-2.1.0/specifications/sqlite3-1.3.8.gemspec
I, [2014-02-17T11:32:56.413390 #18126]  INFO -- : 0:  therubyracer (0.12.0) from /Users/fidel/.rvm/gems/ruby-2.1.0/specifications/therubyracer-0.12.0.gemspec
I, [2014-02-17T11:32:58.538340 #18126]  INFO -- : 0:  turbolinks (2.2.1) from /Users/fidel/.rvm/gems/ruby-2.1.0/specifications/turbolinks-2.2.1.gemspec
I, [2014-02-17T11:33:01.012130 #18126]  INFO -- : 0:  uglifier (2.4.0) from /Users/fidel/.rvm/gems/ruby-2.1.0/specifications/uglifier-2.4.0.gemspec
I, [2014-02-17T11:33:05.417073 #18126]  INFO -- : 0:  unicorn (4.8.2) from /Users/fidel/.rvm/gems/ruby-2.1.0/specifications/unicorn-4.8.2.gemspec
I, [2014-02-17T11:33:05.417838 #18126]  INFO -- : 0:  unicorn-worker-killer (0.4.2) from /Users/fidel/.rvm/gems/ruby-2.1.0/specifications/unicorn-worker-killer-0.4.2.gemspec
I, [2014-02-17T14:53:44.814631 #26957]  INFO -- : 0:  rake (10.1.1) from /Users/fidel/.rvm/gems/ruby-2.1.0/specifications/rake-10.1.1.gemspec
I, [2014-02-17T14:53:44.854195 #26957]  INFO -- : 0:  i18n (0.6.9) from /Users/fidel/.rvm/gems/ruby-2.1.0@global/specifications/i18n-0.6.9.gemspec
I, [2014-02-17T14:53:44.854644 #26957]  INFO -- : 0:  minitest (4.7.5) from /Users/fidel/.rvm/rubies/ruby-2.1.0/lib/ruby/gems/2.1.0/specifications/default/minitest-4.7.5.gemspec
I, [2014-02-17T14:53:44.854990 #26957]  INFO -- : 0:  multi_json (1.8.2) from /Users/fidel/.rvm/gems/ruby-2.1.0/specifications/multi_json-1.8.2.gemspec
I, [2014-02-17T14:53:44.855276 #26957]  INFO -- : 0:  atomic (1.1.14) from /Users/fidel/.rvm/gems/ruby-2.1.0@global/specifications/atomic-1.1.14.gemspec
I, [2014-02-17T14:53:44.855608 #26957]  INFO -- : 0:  thread_safe (0.1.3) from /Users/fidel/.rvm/gems/ruby-2.1.0@global/specifications/thread_safe-0.1.3.gemspec
I, [2014-02-17T14:53:44.855925 #26957]  INFO -- : 0:  tzinfo (0.3.38) from /Users/fidel/.rvm/gems/ruby-2.1.0@global/specifications/tzinfo-0.3.38.gemspec
I, [2014-02-17T14:53:44.856198 #26957]  INFO -- : 0:  activesupport (4.0.2) from /Users/fidel/.rvm/gems/ruby-2.1.0@global/specifications/activesupport-4.0.2.gemspec
I, [2014-02-17T14:53:44.856530 #26957]  INFO -- : 0:  builder (3.1.4) from /Users/fidel/.rvm/gems/ruby-2.1.0@global/specifications/builder-3.1.4.gemspec
I, [2014-02-17T14:53:44.856837 #26957]  INFO -- : 0:  erubis (2.7.0) from /Users/fidel/.rvm/gems/ruby-2.1.0@global/specifications/erubis-2.7.0.gemspec
I, [2014-02-17T14:53:44.857153 #26957]  INFO -- : 0:  rack (1.5.2) from /Users/fidel/.rvm/gems/ruby-2.1.0@global/specifications/rack-1.5.2.gemspec
I, [2014-02-17T14:53:44.857440 #26957]  INFO -- : 0:  rack-test (0.6.2) from /Users/fidel/.rvm/gems/ruby-2.1.0@global/specifications/rack-test-0.6.2.gemspec
I, [2014-02-17T14:53:44.857722 #26957]  INFO -- : 0:  actionpack (4.0.2) from /Users/fidel/.rvm/gems/ruby-2.1.0@global/specifications/actionpack-4.0.2.gemspec
I, [2014-02-17T14:53:44.858055 #26957]  INFO -- : 0:  mime-types (1.25.1) from /Users/fidel/.rvm/gems/ruby-2.1.0@global/specifications/mime-types-1.25.1.gemspec
I, [2014-02-17T14:53:44.858330 #26957]  INFO -- : 0:  polyglot (0.3.3) from /Users/fidel/.rvm/gems/ruby-2.1.0@global/specifications/polyglot-0.3.3.gemspec
I, [2014-02-17T14:53:44.858656 #26957]  INFO -- : 0:  treetop (1.4.15) from /Users/fidel/.rvm/gems/ruby-2.1.0@global/specifications/treetop-1.4.15.gemspec
I, [2014-02-17T14:53:44.858932 #26957]  INFO -- : 0:  mail (2.5.4) from /Users/fidel/.rvm/gems/ruby-2.1.0@global/specifications/mail-2.5.4.gemspec
I, [2014-02-17T14:53:44.859468 #26957]  INFO -- : 0:  actionmailer (4.0.2) from /Users/fidel/.rvm/gems/ruby-2.1.0@global/specifications/actionmailer-4.0.2.gemspec
I, [2014-02-17T14:53:44.859816 #26957]  INFO -- : 0:  activemodel (4.0.2) from /Users/fidel/.rvm/gems/ruby-2.1.0@global/specifications/activemodel-4.0.2.gemspec
I, [2014-02-17T14:53:44.860159 #26957]  INFO -- : 0:  activerecord-deprecated_finders (1.0.3) from /Users/fidel/.rvm/gems/ruby-2.1.0@global/specifications/activerecord-deprecated_finders-1.0.3.gemspec
I, [2014-02-17T14:53:44.860478 #26957]  INFO -- : 0:  arel (4.0.1) from /Users/fidel/.rvm/gems/ruby-2.1.0/specifications/arel-4.0.1.gemspec
I, [2014-02-17T14:53:44.860792 #26957]  INFO -- : 0:  activerecord (4.0.2) from /Users/fidel/.rvm/gems/ruby-2.1.0@global/specifications/activerecord-4.0.2.gemspec
I, [2014-02-17T14:53:44.861100 #26957]  INFO -- : 0:  thor (0.18.1) from /Users/fidel/.rvm/gems/ruby-2.1.0@global/specifications/thor-0.18.1.gemspec
I, [2014-02-17T14:53:44.861418 #26957]  INFO -- : 0:  railties (4.0.2) from /Users/fidel/.rvm/gems/ruby-2.1.0@global/specifications/railties-4.0.2.gemspec
I, [2014-02-17T14:53:44.861743 #26957]  INFO -- : 0:  sass (3.2.14) from /Users/fidel/.rvm/gems/ruby-2.1.0/specifications/sass-3.2.14.gemspec
I, [2014-02-17T14:53:45.074581 #26957]  INFO -- : 0:  anjlab-bootstrap-rails (3.0.3.0) from /Users/fidel/.rvm/gems/ruby-2.1.0/bundler/gems/bootstrap-rails-3250d5494a8f/bootstrap-rails.gemspec
I, [2014-02-17T14:53:45.075162 #26957]  INFO -- : 0:  bcrypt-ruby (3.1.2) from /Users/fidel/.rvm/gems/ruby-2.1.0/specifications/bcrypt-ruby-3.1.2.gemspec
I, [2014-02-17T14:53:45.075511 #26957]  INFO -- : 0:  bundler (1.5.1) from /Users/fidel/.rvm/gems/ruby-2.1.0@global/specifications/bundler-1.5.1.gemspec
I, [2014-02-17T14:53:45.075809 #26957]  INFO -- : 0:  highline (1.6.20) from /Users/fidel/.rvm/gems/ruby-2.1.0/specifications/highline-1.6.20.gemspec
I, [2014-02-17T14:53:45.076153 #26957]  INFO -- : 0:  net-ssh (2.8.0) from /Users/fidel/.rvm/gems/ruby-2.1.0/specifications/net-ssh-2.8.0.gemspec
I, [2014-02-17T14:53:45.076446 #26957]  INFO -- : 0:  net-scp (1.1.2) from /Users/fidel/.rvm/gems/ruby-2.1.0/specifications/net-scp-1.1.2.gemspec
I, [2014-02-17T14:53:45.076777 #26957]  INFO -- : 0:  net-sftp (2.1.2) from /Users/fidel/.rvm/gems/ruby-2.1.0/specifications/net-sftp-2.1.2.gemspec
I, [2014-02-17T14:53:45.077063 #26957]  INFO -- : 0:  net-ssh-gateway (1.2.0) from /Users/fidel/.rvm/gems/ruby-2.1.0/specifications/net-ssh-gateway-1.2.0.gemspec
I, [2014-02-17T14:53:45.077400 #26957]  INFO -- : 0:  capistrano (2.15.5) from /Users/fidel/.rvm/gems/ruby-2.1.0/specifications/capistrano-2.15.5.gemspec
I, [2014-02-17T14:53:47.225870 #26957]  INFO -- : 0:  capistrano-local-precompile (0.0.2) from /Users/fidel/.rvm/gems/ruby-2.1.0/specifications/capistrano-local-precompile-0.0.2.gemspec
I, [2014-02-17T14:53:47.226412 #26957]  INFO -- : 0:  capistrano-platform-resources (0.1.3) from /Users/fidel/.rvm/gems/ruby-2.1.0/specifications/capistrano-platform-resources-0.1.3.gemspec
I, [2014-02-17T14:53:47.226773 #26957]  INFO -- : 0:  capistrano-rbenv (1.0.5) from /Users/fidel/.rvm/gems/ruby-2.1.0/specifications/capistrano-rbenv-1.0.5.gemspec
I, [2014-02-17T14:53:47.227123 #26957]  INFO -- : 0:  capistrano-unicorn (0.2.0) from /Users/fidel/.rvm/gems/ruby-2.1.0/specifications/capistrano-unicorn-0.2.0.gemspec
I, [2014-02-17T14:53:47.227476 #26957]  INFO -- : 0:  coffee-script-source (1.7.0) from /Users/fidel/.rvm/gems/ruby-2.1.0/specifications/coffee-script-source-1.7.0.gemspec
I, [2014-02-17T14:53:47.227832 #26957]  INFO -- : 0:  execjs (2.0.2) from /Users/fidel/.rvm/gems/ruby-2.1.0/specifications/execjs-2.0.2.gemspec
I, [2014-02-17T14:53:47.228149 #26957]  INFO -- : 0:  coffee-script (2.2.0) from /Users/fidel/.rvm/gems/ruby-2.1.0/specifications/coffee-script-2.2.0.gemspec
I, [2014-02-17T14:53:47.228462 #26957]  INFO -- : 0:  coffee-rails (4.0.1) from /Users/fidel/.rvm/gems/ruby-2.1.0/specifications/coffee-rails-4.0.1.gemspec
I, [2014-02-17T14:53:47.228771 #26957]  INFO -- : 0:  orm_adapter (0.5.0) from /Users/fidel/.rvm/gems/ruby-2.1.0/specifications/orm_adapter-0.5.0.gemspec
I, [2014-02-17T14:53:47.229059 #26957]  INFO -- : 0:  warden (1.2.3) from /Users/fidel/.rvm/gems/ruby-2.1.0/specifications/warden-1.2.3.gemspec
I, [2014-02-17T14:53:47.229366 #26957]  INFO -- : 0:  devise (3.0.3) from /Users/fidel/.rvm/gems/ruby-2.1.0/specifications/devise-3.0.3.gemspec
I, [2014-02-17T14:53:47.229664 #26957]  INFO -- : 0:  dotenv (0.9.0) from /Users/fidel/.rvm/gems/ruby-2.1.0/specifications/dotenv-0.9.0.gemspec
I, [2014-02-17T14:53:47.229970 #26957]  INFO -- : 0:  foreman (0.63.0) from /Users/fidel/.rvm/gems/ruby-2.1.0/specifications/foreman-0.63.0.gemspec
I, [2014-02-17T14:53:47.230274 #26957]  INFO -- : 0:  hike (1.2.3) from /Users/fidel/.rvm/gems/ruby-2.1.0@global/specifications/hike-1.2.3.gemspec
I, [2014-02-17T14:53:47.230616 #26957]  INFO -- : 0:  jbuilder (1.5.3) from /Users/fidel/.rvm/gems/ruby-2.1.0/specifications/jbuilder-1.5.3.gemspec
I, [2014-02-17T14:53:47.230907 #26957]  INFO -- : 0:  jquery-rails (3.1.0) from /Users/fidel/.rvm/gems/ruby-2.1.0/specifications/jquery-rails-3.1.0.gemspec
I, [2014-02-17T14:53:47.231303 #26957]  INFO -- : 0:  json (1.8.1) from /Users/fidel/.rvm/rubies/ruby-2.1.0/lib/ruby/gems/2.1.0/specifications/default/json-1.8.1.gemspec
I, [2014-02-17T14:53:47.231622 #26957]  INFO -- : 0:  kgio (2.9.2) from /Users/fidel/.rvm/gems/ruby-2.1.0/specifications/kgio-2.9.2.gemspec
I, [2014-02-17T14:53:47.231947 #26957]  INFO -- : 0:  libv8 (3.16.14.3) from /Users/fidel/.rvm/gems/ruby-2.1.0/specifications/libv8-3.16.14.3-x86_64-darwin-12.gemspec
I, [2014-02-17T14:53:47.232255 #26957]  INFO -- : 0:  mustache-js-rails (0.0.6) from /Users/fidel/.rvm/gems/ruby-2.1.0/specifications/mustache-js-rails-0.0.6.gemspec
I, [2014-02-17T14:53:47.232561 #26957]  INFO -- : 0:  protected_attributes (1.0.5) from /Users/fidel/.rvm/gems/ruby-2.1.0/specifications/protected_attributes-1.0.5.gemspec
I, [2014-02-17T14:53:47.232852 #26957]  INFO -- : 0:  tilt (1.4.1) from /Users/fidel/.rvm/gems/ruby-2.1.0@global/specifications/tilt-1.4.1.gemspec
I, [2014-02-17T14:53:47.233178 #26957]  INFO -- : 0:  sprockets (2.10.1) from /Users/fidel/.rvm/gems/ruby-2.1.0@global/specifications/sprockets-2.10.1.gemspec
I, [2014-02-17T14:53:47.233487 #26957]  INFO -- : 0:  sprockets-rails (2.0.1) from /Users/fidel/.rvm/gems/ruby-2.1.0@global/specifications/sprockets-rails-2.0.1.gemspec
I, [2014-02-17T14:53:47.233792 #26957]  INFO -- : 0:  rails (4.0.2) from /Users/fidel/.rvm/gems/ruby-2.1.0@global/specifications/rails-4.0.2.gemspec
I, [2014-02-17T14:53:47.234185 #26957]  INFO -- : 0:  rails-i18n (4.0.1) from /Users/fidel/.rvm/gems/ruby-2.1.0/specifications/rails-i18n-4.0.1.gemspec
I, [2014-02-17T14:53:47.234559 #26957]  INFO -- : 0:  raindrops (0.12.0) from /Users/fidel/.rvm/gems/ruby-2.1.0/specifications/raindrops-0.12.0.gemspec
I, [2014-02-17T14:53:47.234877 #26957]  INFO -- : 0:  rdoc (4.1.1) from /Users/fidel/.rvm/gems/ruby-2.1.0/specifications/rdoc-4.1.1.gemspec
I, [2014-02-17T14:53:47.235210 #26957]  INFO -- : 0:  ref (1.0.5) from /Users/fidel/.rvm/gems/ruby-2.1.0/specifications/ref-1.0.5.gemspec
I, [2014-02-17T14:53:47.235526 #26957]  INFO -- : 0:  sass-rails (4.0.1) from /Users/fidel/.rvm/gems/ruby-2.1.0/specifications/sass-rails-4.0.1.gemspec
I, [2014-02-17T14:53:47.235831 #26957]  INFO -- : 0:  sdoc (0.4.0) from /Users/fidel/.rvm/gems/ruby-2.1.0/specifications/sdoc-0.4.0.gemspec
I, [2014-02-17T14:53:47.236141 #26957]  INFO -- : 0:  sqlite3 (1.3.8) from /Users/fidel/.rvm/gems/ruby-2.1.0/specifications/sqlite3-1.3.8.gemspec
I, [2014-02-17T14:53:47.236438 #26957]  INFO -- : 0:  therubyracer (0.12.0) from /Users/fidel/.rvm/gems/ruby-2.1.0/specifications/therubyracer-0.12.0.gemspec
I, [2014-02-17T14:53:47.236729 #26957]  INFO -- : 0:  turbolinks (2.2.1) from /Users/fidel/.rvm/gems/ruby-2.1.0/specifications/turbolinks-2.2.1.gemspec
I, [2014-02-17T14:53:47.237028 #26957]  INFO -- : 0:  uglifier (2.4.0) from /Users/fidel/.rvm/gems/ruby-2.1.0/specifications/uglifier-2.4.0.gemspec
I, [2014-02-17T14:53:47.237336 #26957]  INFO -- : 0:  unicorn (4.8.2) from /Users/fidel/.rvm/gems/ruby-2.1.0/specifications/unicorn-4.8.2.gemspec
I, [2014-02-17T14:53:47.237639 #26957]  INFO -- : 0:  unicorn-worker-killer (0.4.2) from /Users/fidel/.rvm/gems/ruby-2.1.0/specifications/unicorn-worker-killer-0.4.2.gemspec
